[Revealif ["s1Ab","a","b"] (Peq (Elength "a") (Elength "a")) 

	[Reveal ["s2Ab"] 
		[Split [2,2,2] [[Withdraw "A"],[Withdraw "A"],[Withdraw "B"]]]
		
	,Reveal ["s2Bb"] 
		[Split [2,2,2] [[Withdraw "A"],[Withdraw "A"],[Withdraw "B"]]]
		
	,After 2 (Reveal ["s2Ad"] [Split [5] [[Withdraw "B"]]])

	,After 2 (Reveal ["s2Bd"] [Split [5] [[Withdraw "A"]]])]

,Revealif ["s1Bb","a","b"] (Peq (Elength "a") (Elength "a")) 
	
	[Reveal ["s2Ab"] 
		[Split [2,2,2] [[Withdraw "A"],[Withdraw "A"],[Withdraw "B"]]]
	
	,Reveal ["s2Bb"] 
		[Split [2,2,2] [[Withdraw "A"],[Withdraw "A"],[Withdraw "B"]]]
	
	,After 2 (Reveal ["s2Ad"] [Split [5] [[Withdraw "B"]]])

	,After 2 (Reveal ["s2Bd"] [Split [5] [[Withdraw "A"]]])]

,After 1 (Reveal ["s1Ad"] 
	[Split [5] [[Withdraw "B"]]])

,After 1 (Reveal ["s1Bd"] 
	[Split [5] [[Withdraw "A"]]])

,After 101 
	(Revealif ["s2Ab","a","b"] (Pnot (Peq (Elength "a") (Elength "b"))) 

		[Reveal ["s3Ab"] 
			[Split [2,2,2] [[Withdraw "B"],[Withdraw "A"],[Withdraw "B"]]]

		,Reveal ["s3Bb"] [Split [2,2,2] [[Withdraw "B"],[Withdraw "A"],[Withdraw "B"]]]

		,After 303 (Reveal ["s3Ad"] [Split [5] [[Withdraw "B"]]])

		,After 303 (Reveal ["s3Bd"] [Split [5] [[Withdraw "A"]]])])

,After 101 
	(Revealif ["s2Bb","a","b"] (Pnot (Peq (Elength "a") (Elength "b"))) 
		[Reveal ["s3Ab"] 
			[Split [2,2,2] [[Withdraw "B"],[Withdraw "A"],[Withdraw "B"]]]
		
		,Reveal ["s3Bb"] 
			[Split [2,2,2] [[Withdraw "B"],[Withdraw "A"],[Withdraw "B"]]]

		,After 303 (Reveal ["s3Ad"] [Split [5] [[Withdraw "B"]]])

		,After 303 (Reveal ["s3Bd"] [Split [5] [[Withdraw "A"]]])])

,After 101 
	(After 202 
		(Reveal ["s2Ad"] 
			[Split [5] [[Withdraw "B"]]]))

,After 101 
	(After 202 
		(Reveal ["s2Bd"] 
			[Split [5] [[Withdraw "A"]]]))]